<?xml version="1.0" encoding="UTF-8"?>
<testsuite name="de.blinkt.openvpn.core.TestIpParser" tests="1" skipped="0" failures="0" errors="0" timestamp="2018-01-08T20:59:09" hostname="chaosruler-pc" time="0.003">
  <properties/>
  <testcase name="parseIPv6Zeros" classname="de.blinkt.openvpn.core.TestIpParser" time="0.003"/>
  <system-out><![CDATA[]]></system-out>
  <system-err><![CDATA[]]></system-err>
</testsuite>
